<?xml version="1.0" encoding="UTF-8"?>
<!-- Generated by org.testng.reporters.JUnitXMLReporter -->
<testsuite ignored="2" hostname="SL21" failures="0" tests="1" name="Default test" time="11.497" errors="0" timestamp="2026-03-05T10:51:06 IST">
  <testcase classname="testScripts.CheckInputTest" name="checkBoxTest" time="0.881"/>
  <testcase classname="testScripts.CheckInputTest" name="radioButtonTest" time="0.0">
    <ignored/>
  </testcase> <!-- radioButtonTest -->
  <testcase classname="testScripts.CheckInputTest" name="dropdownTest" time="0.0">
    <ignored/>
  </testcase> <!-- dropdownTest -->
</testsuite> <!-- Default test -->
