<?xml version="1.0" encoding="UTF-8"?>
<!-- Generated by org.testng.reporters.JUnitXMLReporter -->
<testsuite ignored="2" hostname="SL21" failures="0" tests="1" name="Default test" time="8.584" errors="0" timestamp="2026-02-27T12:40:20 IST">
  <testcase classname="apiTesting.CreateUpdateBookingTest" name="deleteBooking" time="8.475"/>
  <testcase classname="apiTesting.CreateUpdateBookingTest" name="createNewBooking" time="0.0">
    <ignored/>
  </testcase> <!-- createNewBooking -->
  <testcase classname="apiTesting.CreateUpdateBookingTest" name="updateBooking" time="0.0">
    <ignored/>
  </testcase> <!-- updateBooking -->
</testsuite> <!-- Default test -->
