<?xml version="1.0" encoding="UTF-8"?>
<!-- Generated by org.testng.reporters.JUnitXMLReporter -->
<testsuite ignored="0" hostname="SL21" failures="0" tests="3" name="ModuleOneTest" time="7.707" errors="0" timestamp="2026-02-17T12:24:32 IST">
  <testcase classname="parallelScripts.SampleTestOne" name="testOne" time="3.565"/>
  <testcase classname="parallelScripts.SampleTestOne" name="testThree" time="1.914"/>
  <testcase classname="parallelScripts.SampleTestOne" name="testTwo" time="2.001"/>
</testsuite> <!-- ModuleOneTest -->
