<?xml version="1.0" encoding="UTF-8"?>
<!-- Generated by org.testng.reporters.JUnitXMLReporter -->
<testsuite ignored="0" hostname="SL21" failures="0" tests="6" name="ModuleTwoTest" time="27.061" errors="0" timestamp="2026-02-17T12:25:00 IST">
  <testcase classname="parallelScripts.SampleTestTwo" name="testOne" time="2.087"/>
  <testcase classname="parallelScripts.SampleTestTwo" name="testThree" time="1.896"/>
  <testcase classname="parallelScripts.SampleTestTwo" name="testTwo" time="2.089"/>
  <testcase classname="parallelScripts.SampleTestThree" name="testOne" time="6.524"/>
  <testcase classname="parallelScripts.SampleTestThree" name="testThree" time="7.315"/>
  <testcase classname="parallelScripts.SampleTestThree" name="testTwo" time="7.096"/>
</testsuite> <!-- ModuleTwoTest -->
