<?xml version="1.0" encoding="UTF-8"?>
<testng-results ignored="2" total="3" passed="1" failed="0" skipped="0">
  <reporter-output>
  </reporter-output>
  <suite started-at="2026-02-27T12:40:11 IST" name="Default suite" finished-at="2026-02-27T12:40:20 IST" duration-ms="8584">
    <groups>
    </groups>
    <test started-at="2026-02-27T12:40:11 IST" name="Default test" finished-at="2026-02-27T12:40:20 IST" duration-ms="8584">
      <class name="apiTesting.CreateUpdateBookingTest">
        <test-method signature="deleteBooking()[pri:0, instance:apiTesting.CreateUpdateBookingTest@2d1ef81a]" started-at="2026-02-27T12:40:11 IST" name="deleteBooking" finished-at="2026-02-27T12:40:20 IST" duration-ms="8475" status="PASS">
          <reporter-output>
          </reporter-output>
        </test-method> <!-- deleteBooking -->
      </class> <!-- apiTesting.CreateUpdateBookingTest -->
    </test> <!-- Default test -->
  </suite> <!-- Default suite -->
</testng-results>
