<?xml version="1.0" encoding="UTF-8"?>
<testng-results ignored="3" total="3" passed="0" failed="0" skipped="0">
  <reporter-output>
  </reporter-output>
  <suite started-at="2026-03-04T10:40:35 IST" name="SampleSuite" finished-at="2026-03-04T10:40:35 IST" duration-ms="30">
    <groups>
    </groups>
    <test started-at="2026-03-04T10:40:35 IST" name="ModuleOneTest" finished-at="2026-03-04T10:40:35 IST" duration-ms="30">
    </test> <!-- ModuleOneTest -->
  </suite> <!-- SampleSuite -->
</testng-results>
