<?xml version="1.0" encoding="UTF-8"?>
<!-- Generated by org.testng.reporters.JUnitReportReporter -->
<testsuite hostname="SL21" failures="0" tests="3" name="parallelScripts.SampleTestThree" time="20.935" errors="0" timestamp="2026-02-17T12:25:00 IST" skipped="0">
  <testcase classname="parallelScripts.SampleTestThree" name="testTwo" time="7.096"/>
  <testcase classname="parallelScripts.SampleTestThree" name="testOne" time="6.524"/>
  <testcase classname="parallelScripts.SampleTestThree" name="testThree" time="7.315"/>
</testsuite> <!-- parallelScripts.SampleTestThree -->
