<?xml version="1.0" encoding="UTF-8"?>
<!-- Generated by org.testng.reporters.JUnitReportReporter -->
<testsuite hostname="SL21" failures="0" tests="3" name="parallelScripts.SampleTestTwo" time="6.072" errors="0" timestamp="2026-02-17T12:25:00 IST" skipped="0">
  <testcase classname="parallelScripts.SampleTestTwo" name="testOne" time="2.087"/>
  <testcase classname="parallelScripts.SampleTestTwo" name="testThree" time="1.896"/>
  <testcase classname="parallelScripts.SampleTestTwo" name="testTwo" time="2.089"/>
</testsuite> <!-- parallelScripts.SampleTestTwo -->
