<?xml version="1.0" encoding="UTF-8"?>
<!-- Generated by org.testng.reporters.JUnitReportReporter -->
<testsuite hostname="SL21" failures="0" tests="3" name="parallelScripts.SampleTestOne" time="7.480" errors="0" timestamp="2026-02-17T12:25:00 IST" skipped="0">
  <testcase classname="parallelScripts.SampleTestOne" name="testTwo" time="2.001"/>
  <testcase classname="parallelScripts.SampleTestOne" name="testThree" time="1.914"/>
  <testcase classname="parallelScripts.SampleTestOne" name="testOne" time="3.565"/>
</testsuite> <!-- parallelScripts.SampleTestOne -->
