<?xml version="1.0" encoding="UTF-8"?>
<!-- Generated by org.testng.reporters.JUnitReportReporter -->
<testsuite hostname="SL21" failures="0" tests="2" name="testScripts.UploadImageExtentReportTest" time="12.187" errors="0" timestamp="2026-03-04T10:30:36 IST" skipped="1">
  <testcase classname="testScripts.UploadImageExtentReportTest" name="shaddowDOMTest" time="12.187"/>
  <testcase classname="testScripts.UploadImageExtentReportTest" name="softAssert">
    <skipped/>
  </testcase> <!-- softAssert -->
</testsuite> <!-- testScripts.UploadImageExtentReportTest -->
